[2.034s] DEBUG:colcon:Command line arguments: ['/usr/bin/colcon', 'list', '-p', '--base-paths', '/home/delightedtobe/dev_ws/src/my_bot/launch']
[2.035s] DEBUG:colcon:Parsed command line arguments: Namespace(log_base=None, log_level=None, verb_name='list', build_base='build', ignore_user_meta=False, metas=['./colcon.meta'], base_paths=['/home/delightedtobe/dev_ws/src/my_bot/launch'], packages_ignore=None, packages_ignore_regex=None, paths=None, packages_up_to=None, packages_up_to_regex=None, packages_above=None, packages_above_and_dependencies=None, packages_above_depth=None, packages_select_by_dep=None, packages_skip_by_dep=None, packages_skip_up_to=None, packages_select_build_failed=False, packages_skip_build_finished=False, packages_select_test_failures=False, packages_skip_test_passed=False, packages_select=None, packages_skip=None, packages_select_regex=None, packages_skip_regex=None, packages_start=None, packages_end=None, allow_overriding=[], topological_order=False, names_only=False, paths_only=True, topological_graph=False, topological_graph_dot=False, topological_graph_density=False, topological_graph_legend=False, topological_graph_dot_cluster=False, topological_graph_dot_include_skipped=False, verb_parser=<colcon_defaults.argument_parser.defaults.DefaultArgumentsDecorator object at 0x7f8044486140>, verb_extension=<colcon_package_information.verb.list.ListVerb object at 0x7f80447bab90>, main=<bound method ListVerb.main of <colcon_package_information.verb.list.ListVerb object at 0x7f80447bab90>>)
[2.111s] Level 1:colcon.colcon_core.package_discovery:discover_packages(colcon_meta) check parameters
[2.111s] Level 1:colcon.colcon_core.package_discovery:discover_packages(recursive) check parameters
[2.111s] Level 1:colcon.colcon_core.package_discovery:discover_packages(ignore) check parameters
[2.111s] Level 1:colcon.colcon_core.package_discovery:discover_packages(path) check parameters
[2.111s] Level 1:colcon.colcon_core.package_discovery:discover_packages(recursive) discover
[2.111s] INFO:colcon.colcon_core.package_discovery:Crawling recursively for packages in '/home/delightedtobe/dev_ws/src/my_bot/launch'
[2.111s] Level 1:colcon.colcon_core.package_identification:_identify(/home/delightedtobe/dev_ws/src/my_bot/launch) by extensions ['ignore', 'ignore_ament_install']
[2.111s] Level 1:colcon.colcon_core.package_identification:_identify(/home/delightedtobe/dev_ws/src/my_bot/launch) by extension 'ignore'
[2.112s] Level 1:colcon.colcon_core.package_identification:_identify(/home/delightedtobe/dev_ws/src/my_bot/launch) by extension 'ignore_ament_install'
[2.112s] Level 1:colcon.colcon_core.package_identification:_identify(/home/delightedtobe/dev_ws/src/my_bot/launch) by extensions ['colcon_pkg']
[2.112s] Level 1:colcon.colcon_core.package_identification:_identify(/home/delightedtobe/dev_ws/src/my_bot/launch) by extension 'colcon_pkg'
[2.112s] Level 1:colcon.colcon_core.package_identification:_identify(/home/delightedtobe/dev_ws/src/my_bot/launch) by extensions ['colcon_meta']
[2.112s] Level 1:colcon.colcon_core.package_identification:_identify(/home/delightedtobe/dev_ws/src/my_bot/launch) by extension 'colcon_meta'
[2.112s] Level 1:colcon.colcon_core.package_identification:_identify(/home/delightedtobe/dev_ws/src/my_bot/launch) by extensions ['ros']
[2.112s] Level 1:colcon.colcon_core.package_identification:_identify(/home/delightedtobe/dev_ws/src/my_bot/launch) by extension 'ros'
[2.127s] Level 1:colcon.colcon_core.package_identification:_identify(/home/delightedtobe/dev_ws/src/my_bot/launch) by extensions ['cmake', 'python']
[2.127s] Level 1:colcon.colcon_core.package_identification:_identify(/home/delightedtobe/dev_ws/src/my_bot/launch) by extension 'cmake'
[2.127s] Level 1:colcon.colcon_core.package_identification:_identify(/home/delightedtobe/dev_ws/src/my_bot/launch) by extension 'python'
[2.127s] Level 1:colcon.colcon_core.package_identification:_identify(/home/delightedtobe/dev_ws/src/my_bot/launch) by extensions ['python_setup_py']
[2.127s] Level 1:colcon.colcon_core.package_identification:_identify(/home/delightedtobe/dev_ws/src/my_bot/launch) by extension 'python_setup_py'
[2.128s] Level 1:colcon.colcon_core.package_identification:_identify(/home/delightedtobe/dev_ws/src/my_bot/launch/build) by extensions ['ignore', 'ignore_ament_install']
[2.128s] Level 1:colcon.colcon_core.package_identification:_identify(/home/delightedtobe/dev_ws/src/my_bot/launch/build) by extension 'ignore'
[2.128s] Level 1:colcon.colcon_core.package_identification:_identify(/home/delightedtobe/dev_ws/src/my_bot/launch/build) ignored
[2.128s] Level 1:colcon.colcon_core.package_identification:_identify(/home/delightedtobe/dev_ws/src/my_bot/launch/install) by extensions ['ignore', 'ignore_ament_install']
[2.128s] Level 1:colcon.colcon_core.package_identification:_identify(/home/delightedtobe/dev_ws/src/my_bot/launch/install) by extension 'ignore'
[2.128s] Level 1:colcon.colcon_core.package_identification:_identify(/home/delightedtobe/dev_ws/src/my_bot/launch/install) ignored
[2.128s] Level 1:colcon.colcon_core.package_identification:_identify(/home/delightedtobe/dev_ws/src/my_bot/launch/log) by extensions ['ignore', 'ignore_ament_install']
[2.128s] Level 1:colcon.colcon_core.package_identification:_identify(/home/delightedtobe/dev_ws/src/my_bot/launch/log) by extension 'ignore'
[2.128s] Level 1:colcon.colcon_core.package_identification:_identify(/home/delightedtobe/dev_ws/src/my_bot/launch/log) ignored
[2.128s] Level 1:colcon.colcon_core.package_discovery:discover_packages(recursive) using defaults
